TN:
SF:src/controllers/authController.js
FN:16,(anonymous_0)
FN:23,(anonymous_1)
FN:32,(anonymous_2)
FN:36,(anonymous_3)
FN:51,(anonymous_4)
FN:61,(anonymous_5)
FN:72,(anonymous_6)
FN:84,(anonymous_7)
FN:138,(anonymous_8)
FN:169,(anonymous_9)
FN:185,(anonymous_10)
FN:196,(anonymous_11)
FNF:12
FNH:12
FNDA:4,(anonymous_0)
FNDA:2,(anonymous_1)
FNDA:1,(anonymous_2)
FNDA:4,(anonymous_3)
FNDA:2,(anonymous_4)
FNDA:2,(anonymous_5)
FNDA:1,(anonymous_6)
FNDA:6,(anonymous_7)
FNDA:3,(anonymous_8)
FNDA:2,(anonymous_9)
FNDA:2,(anonymous_10)
FNDA:2,(anonymous_11)
DA:1,6
DA:2,6
DA:3,6
DA:5,6
DA:6,6
DA:7,6
DA:8,6
DA:9,6
DA:10,6
DA:12,6
DA:14,6
DA:16,6
DA:17,4
DA:18,4
DA:21,6
DA:23,6
DA:24,2
DA:25,2
DA:26,2
DA:27,2
DA:29,2
DA:32,6
DA:33,1
DA:36,6
DA:37,4
DA:38,4
DA:39,3
DA:42,1
DA:43,1
DA:44,0
DA:45,0
DA:48,1
DA:51,6
DA:61,6
DA:72,6
DA:73,1
DA:74,1
DA:75,0
DA:78,1
DA:79,1
DA:80,1
DA:81,1
DA:84,6
DA:85,6
DA:87,6
DA:88,2
DA:91,4
DA:92,0
DA:95,4
DA:96,4
DA:97,4
DA:98,1
DA:103,3
DA:104,3
DA:106,3
DA:107,2
DA:108,2
DA:111,1
DA:112,1
DA:113,0
DA:114,0
DA:117,1
DA:119,1
DA:120,1
DA:125,1
DA:127,1
DA:134,0
DA:138,6
DA:139,3
DA:141,3
DA:142,1
DA:145,2
DA:146,2
DA:148,2
DA:149,0
DA:152,2
DA:153,2
DA:154,0
DA:157,2
DA:158,1
DA:161,1
DA:162,1
DA:168,1
DA:169,2
DA:172,1
DA:174,1
DA:181,0
DA:185,6
DA:186,2
DA:188,2
DA:189,1
DA:192,1
DA:193,1
DA:194,1
DA:195,1
DA:196,2
DA:197,1
DA:203,1
LF:98
LH:88
BRDA:5,0,0,6
BRDA:5,0,1,6
BRDA:6,1,0,6
BRDA:6,1,1,6
BRDA:7,2,0,6
BRDA:7,2,1,6
BRDA:8,3,0,6
BRDA:8,3,1,6
BRDA:9,4,0,6
BRDA:9,4,1,5
BRDA:10,5,0,6
BRDA:10,5,1,1
BRDA:17,6,0,4
BRDA:17,6,1,0
BRDA:17,6,2,0
BRDA:25,7,0,2
BRDA:25,7,1,1
BRDA:27,8,0,1
BRDA:27,8,1,1
BRDA:38,9,0,3
BRDA:38,9,1,1
BRDA:38,10,0,4
BRDA:38,10,1,2
BRDA:43,11,0,0
BRDA:43,11,1,1
BRDA:55,12,0,2
BRDA:55,12,1,0
BRDA:74,13,0,0
BRDA:74,13,1,1
BRDA:78,14,0,1
BRDA:78,14,1,0
BRDA:85,15,0,6
BRDA:85,15,1,0
BRDA:87,16,0,2
BRDA:87,16,1,4
BRDA:87,17,0,6
BRDA:87,17,1,5
BRDA:91,18,0,0
BRDA:91,18,1,4
BRDA:91,19,0,4
BRDA:91,19,1,4
BRDA:97,20,0,1
BRDA:97,20,1,3
BRDA:106,21,0,2
BRDA:106,21,1,1
BRDA:112,22,0,0
BRDA:112,22,1,1
BRDA:139,23,0,3
BRDA:139,23,1,0
BRDA:141,24,0,1
BRDA:141,24,1,2
BRDA:148,25,0,0
BRDA:148,25,1,2
BRDA:153,26,0,0
BRDA:153,26,1,2
BRDA:157,27,0,1
BRDA:157,27,1,1
BRDA:157,28,0,2
BRDA:157,28,1,0
BRDA:168,29,0,1
BRDA:168,29,1,0
BRDA:186,30,0,2
BRDA:186,30,1,0
BRDA:188,31,0,1
BRDA:188,31,1,1
BRDA:195,32,0,1
BRDA:195,32,1,0
BRDA:196,33,0,1
BRDA:196,33,1,0
BRF:69
BRH:52
end_of_record
TN:
SF:src/controllers/recipeController.js
FN:4,(anonymous_0)
FN:6,(anonymous_1)
FN:13,(anonymous_2)
FN:27,(anonymous_3)
FN:37,(anonymous_4)
FN:44,(anonymous_5)
FN:52,(anonymous_6)
FN:61,(anonymous_7)
FN:77,(anonymous_8)
FN:87,(anonymous_9)
FN:103,(anonymous_10)
FN:124,(anonymous_11)
FN:140,(anonymous_12)
FNF:13
FNH:0
FNDA:0,(anonymous_0)
FNDA:0,(anonymous_1)
FNDA:0,(anonymous_2)
FNDA:0,(anonymous_3)
FNDA:0,(anonymous_4)
FNDA:0,(anonymous_5)
FNDA:0,(anonymous_6)
FNDA:0,(anonymous_7)
FNDA:0,(anonymous_8)
FNDA:0,(anonymous_9)
FNDA:0,(anonymous_10)
FNDA:0,(anonymous_11)
FNDA:0,(anonymous_12)
DA:1,1
DA:2,1
DA:4,1
DA:6,1
DA:7,0
DA:8,0
DA:11,0
DA:12,0
DA:13,0
DA:14,0
DA:15,0
DA:19,0
DA:20,0
DA:23,0
DA:24,0
DA:27,0
DA:29,0
DA:33,0
DA:34,0
DA:37,0
DA:39,0
DA:43,0
DA:44,0
DA:45,0
DA:49,0
DA:52,1
DA:53,0
DA:54,0
DA:57,0
DA:61,1
DA:62,0
DA:63,0
DA:64,0
DA:67,0
DA:68,0
DA:69,0
DA:70,0
DA:72,0
DA:77,1
DA:78,0
DA:79,0
DA:80,0
DA:82,0
DA:87,1
DA:88,0
DA:89,0
DA:90,0
DA:93,0
DA:94,0
DA:95,0
DA:96,0
DA:98,0
DA:103,1
DA:104,0
DA:105,0
DA:106,0
DA:109,0
DA:110,0
DA:111,0
DA:114,0
DA:115,0
DA:116,0
DA:117,0
DA:119,0
DA:124,1
DA:125,0
DA:126,0
DA:127,0
DA:130,0
DA:131,0
DA:132,0
DA:133,0
DA:135,0
DA:140,1
DA:141,0
DA:143,0
DA:144,0
DA:146,0
DA:147,0
DA:149,0
LF:80
LH:11
BRDA:4,0,0,0
BRDA:4,0,1,0
BRDA:4,0,2,0
BRDA:6,1,0,0
BRDA:6,2,0,0
BRDA:7,3,0,0
BRDA:7,3,1,0
BRDA:7,4,0,0
BRDA:7,4,1,0
BRDA:12,5,0,0
BRDA:12,5,1,0
BRDA:14,6,0,0
BRDA:14,6,1,0
BRDA:19,7,0,0
BRDA:19,7,1,0
BRDA:19,8,0,0
BRDA:19,8,1,0
BRDA:19,8,2,0
BRDA:23,9,0,0
BRDA:23,9,1,0
BRDA:24,10,0,0
BRDA:24,10,1,0
BRDA:25,11,0,0
BRDA:25,11,1,0
BRDA:25,11,2,0
BRDA:27,12,0,0
BRDA:27,12,1,0
BRDA:33,13,0,0
BRDA:33,13,1,0
BRDA:34,14,0,0
BRDA:34,14,1,0
BRDA:35,15,0,0
BRDA:35,15,1,0
BRDA:35,15,2,0
BRDA:37,16,0,0
BRDA:37,16,1,0
BRDA:43,17,0,0
BRDA:43,17,1,0
BRDA:44,18,0,0
BRDA:44,18,1,0
BRDA:44,19,0,0
BRDA:44,19,1,0
BRDA:44,20,0,0
BRDA:44,20,1,0
BRDA:53,21,0,0
BRDA:53,21,1,0
BRDA:63,22,0,0
BRDA:63,22,1,0
BRDA:89,23,0,0
BRDA:89,23,1,0
BRDA:95,24,0,0
BRDA:95,24,1,0
BRDA:105,25,0,0
BRDA:105,25,1,0
BRDA:110,26,0,0
BRDA:110,26,1,0
BRDA:116,27,0,0
BRDA:116,27,1,0
BRDA:126,28,0,0
BRDA:126,28,1,0
BRDA:132,29,0,0
BRDA:132,29,1,0
BRF:62
BRH:0
end_of_record
TN:
SF:src/middlewares/auth.js
FN:5,(anonymous_0)
FN:22,(anonymous_1)
FN:22,(anonymous_2)
FNF:3
FNH:2
FNDA:3,(anonymous_0)
FNDA:4,(anonymous_1)
FNDA:0,(anonymous_2)
DA:1,1
DA:3,1
DA:5,1
DA:6,3
DA:7,3
DA:9,3
DA:10,2
DA:13,1
DA:14,1
DA:15,0
DA:16,0
DA:18,1
DA:22,4
DA:23,0
DA:25,0
DA:26,0
DA:29,0
LF:17
LH:11
BRDA:3,0,0,1
BRDA:3,0,1,1
BRDA:6,1,0,3
BRDA:6,1,1,2
BRDA:9,2,0,2
BRDA:9,2,1,1
BRDA:9,3,0,3
BRDA:9,3,1,1
BRDA:25,4,0,0
BRDA:25,4,1,0
BRDA:25,5,0,0
BRDA:25,5,1,0
BRF:12
BRH:8
end_of_record
TN:
SF:src/routes/recipeRoutes.js
FNF:0
FNH:0
DA:10,1
DA:11,1
DA:18,1
DA:19,1
DA:20,1
DA:22,1
DA:24,1
DA:25,1
DA:26,1
DA:28,1
DA:33,1
DA:35,1
DA:40,1
LF:13
LH:13
BRF:0
BRH:0
end_of_record
